<?xml version="1.0" encoding="UTF-8"?>
<testng-results skipped="1" failed="2" total="5" passed="2">
  <reporter-output>
  </reporter-output>
  <suite name="All Test Suite" duration-ms="60976" started-at="2020-05-30T12:34:01Z" finished-at="2020-05-30T12:35:02Z">
    <groups>
    </groups>
    <test name="E:/MakeMyTrip" duration-ms="60976" started-at="2020-05-30T12:34:01Z" finished-at="2020-05-30T12:35:02Z">
      <class name="stepdefs.com.MakeMyTrip_Steps">
        <test-method status="PASS" signature="opening_MakeMyTrip_Site()[pri:0, instance:stepdefs.com.MakeMyTrip_Steps@7a79be86]" name="opening_MakeMyTrip_Site" is-config="true" duration-ms="8470" started-at="2020-05-30T18:04:01Z" finished-at="2020-05-30T18:04:10Z">
          <reporter-output>
          </reporter-output>
        </test-method> <!-- opening_MakeMyTrip_Site -->
        <test-method status="PASS" signature="click_on_flights_link_and_click_on_round_trip()[pri:0, instance:stepdefs.com.MakeMyTrip_Steps@7a79be86]" name="click_on_flights_link_and_click_on_round_trip" duration-ms="3452" started-at="2020-05-30T18:04:10Z" finished-at="2020-05-30T18:04:13Z">
          <reporter-output>
          </reporter-output>
        </test-method> <!-- click_on_flights_link_and_click_on_round_trip -->
        <test-method status="FAIL" signature="entering_Flights_Names(java.lang.String, java.lang.String)[pri:0, instance:stepdefs.com.MakeMyTrip_Steps@7a79be86]" name="entering_Flights_Names" duration-ms="0" started-at="2020-05-30T18:04:13Z" finished-at="2020-05-30T18:04:13Z">
          <exception class="org.testng.TestNGException">
            <message>
              <![CDATA[
Method entering_Flights_Names requires 2 parameters but 0 were supplied in the @Test annotation.]]>
            </message>
            <full-stacktrace>
              <![CDATA[org.testng.TestNGException: 
Method entering_Flights_Names requires 2 parameters but 0 were supplied in the @Test annotation.
	at org.testng.internal.Parameters.checkParameterTypes(Parameters.java:198)
	at org.testng.internal.Parameters.createParameters(Parameters.java:134)
	at org.testng.internal.Parameters.createParameters(Parameters.java:370)
	at org.testng.internal.Parameters.handleParameters(Parameters.java:447)
	at org.testng.internal.Invoker.handleParameters(Invoker.java:1383)
	at org.testng.internal.Invoker.createParameters(Invoker.java:1075)
	at org.testng.internal.Invoker.invokeTestMethods(Invoker.java:1180)
	at org.testng.internal.TestMethodWorker.invokeTestMethods(TestMethodWorker.java:127)
	at org.testng.internal.TestMethodWorker.run(TestMethodWorker.java:111)
	at org.testng.TestRunner.privateRun(TestRunner.java:767)
	at org.testng.TestRunner.run(TestRunner.java:617)
	at org.testng.SuiteRunner.runTest(SuiteRunner.java:334)
	at org.testng.SuiteRunner.runSequentially(SuiteRunner.java:329)
	at org.testng.SuiteRunner.privateRun(SuiteRunner.java:291)
	at org.testng.SuiteRunner.run(SuiteRunner.java:240)
	at org.testng.SuiteRunnerWorker.runSuite(SuiteRunnerWorker.java:52)
	at org.testng.SuiteRunnerWorker.run(SuiteRunnerWorker.java:86)
	at org.testng.TestNG.runSuitesSequentially(TestNG.java:1198)
	at org.testng.TestNG.runSuitesLocally(TestNG.java:1123)
	at org.testng.TestNG.run(TestNG.java:1031)
	at com.intellij.rt.testng.IDEARemoteTestNG.run(IDEARemoteTestNG.java:66)
	at com.intellij.rt.testng.RemoteTestNGStarter.main(RemoteTestNGStarter.java:110)
]]>
            </full-stacktrace>
          </exception> <!-- org.testng.TestNGException -->
          <reporter-output>
          </reporter-output>
        </test-method> <!-- entering_Flights_Names -->
        <test-method status="PASS" signature="selecting_PassengersCount()[pri:0, instance:stepdefs.com.MakeMyTrip_Steps@7a79be86]" name="selecting_PassengersCount" duration-ms="4465" started-at="2020-05-30T18:04:13Z" finished-at="2020-05-30T18:04:18Z">
          <reporter-output>
          </reporter-output>
        </test-method> <!-- selecting_PassengersCount -->
        <test-method status="FAIL" signature="verifing_Prices()[pri:0, instance:stepdefs.com.MakeMyTrip_Steps@7a79be86]" name="verifing_Prices" duration-ms="40201" started-at="2020-05-30T18:04:18Z" depends-on-methods="utils.com.MakemyTrip_Utils.selecting_PassengersCount" finished-at="2020-05-30T18:04:58Z">
          <exception class="org.openqa.selenium.NoSuchElementException">
            <message>
              <![CDATA[no such element: Unable to locate element: {"method":"xpath","selector":"//*[@id='left-side--wrapper']/div/div/div[4]/div/div[1]/div/div[1]/div/div[2]/div[4]/p"}
  (Session info: chrome=83.0.4103.61)
For documentation on this error, please visit: http://seleniumhq.org/exceptions/no_such_element.html
Build info: version: '3.5.2', revision: '10229a9', time: '2017-08-21T17:29:55.15Z'
System info: host: 'HYD-LAP-00342', ip: '192.168.0.105', os.name: 'Windows 10', os.arch: 'amd64', os.version: '10.0', java.version: '1.8.0_231'
Driver info: org.openqa.selenium.chrome.ChromeDriver
Capabilities [{networkConnectionEnabled=false, chrome={chromedriverVersion=83.0.4103.39 (ccbf011cb2d2b19b506d844400483861342c20cd-refs/branch-heads/4103@{#416}), userDataDir=C:\Users\Nisum\AppData\Local\Temp\scoped_dir11992_170133232}, timeouts={implicit=0, pageLoad=300000, script=30000}, pageLoadStrategy=normal, unhandledPromptBehavior=dismiss and notify, strictFileInteractability=false, platform=ANY, proxy=Proxy(), goog:chromeOptions={debuggerAddress=localhost:54493}, acceptInsecureCerts=false, browserVersion=83.0.4103.61, browserName=chrome, javascriptEnabled=true, platformName=windows, setWindowRect=true, webauthn:virtualAuthenticators=true}]
Session ID: 3cc8fdf0cd29a167a2717743aa62a4d1
*** Element info: {Using=xpath, value=//*[@id='left-side--wrapper']/div/div/div[4]/div/div[1]/div/div[1]/div/div[2]/div[4]/p}]]>
            </message>
            <full-stacktrace>
              <![CDATA[org.openqa.selenium.NoSuchElementException: no such element: Unable to locate element: {"method":"xpath","selector":"//*[@id='left-side--wrapper']/div/div/div[4]/div/div[1]/div/div[1]/div/div[2]/div[4]/p"}
  (Session info: chrome=83.0.4103.61)
For documentation on this error, please visit: http://seleniumhq.org/exceptions/no_such_element.html
Build info: version: '3.5.2', revision: '10229a9', time: '2017-08-21T17:29:55.15Z'
System info: host: 'HYD-LAP-00342', ip: '192.168.0.105', os.name: 'Windows 10', os.arch: 'amd64', os.version: '10.0', java.version: '1.8.0_231'
Driver info: org.openqa.selenium.chrome.ChromeDriver
Capabilities [{networkConnectionEnabled=false, chrome={chromedriverVersion=83.0.4103.39 (ccbf011cb2d2b19b506d844400483861342c20cd-refs/branch-heads/4103@{#416}), userDataDir=C:\Users\Nisum\AppData\Local\Temp\scoped_dir11992_170133232}, timeouts={implicit=0, pageLoad=300000, script=30000}, pageLoadStrategy=normal, unhandledPromptBehavior=dismiss and notify, strictFileInteractability=false, platform=ANY, proxy=Proxy(), goog:chromeOptions={debuggerAddress=localhost:54493}, acceptInsecureCerts=false, browserVersion=83.0.4103.61, browserName=chrome, javascriptEnabled=true, platformName=windows, setWindowRect=true, webauthn:virtualAuthenticators=true}]
Session ID: 3cc8fdf0cd29a167a2717743aa62a4d1
*** Element info: {Using=xpath, value=//*[@id='left-side--wrapper']/div/div/div[4]/div/div[1]/div/div[1]/div/div[2]/div[4]/p}
	at sun.reflect.NativeConstructorAccessorImpl.newInstance0(Native Method)
	at sun.reflect.NativeConstructorAccessorImpl.newInstance(NativeConstructorAccessorImpl.java:62)
	at sun.reflect.DelegatingConstructorAccessorImpl.newInstance(DelegatingConstructorAccessorImpl.java:45)
	at java.lang.reflect.Constructor.newInstance(Constructor.java:423)
	at org.openqa.selenium.remote.http.W3CHttpResponseCodec.createException(W3CHttpResponseCodec.java:185)
	at org.openqa.selenium.remote.http.W3CHttpResponseCodec.decode(W3CHttpResponseCodec.java:120)
	at org.openqa.selenium.remote.http.W3CHttpResponseCodec.decode(W3CHttpResponseCodec.java:49)
	at org.openqa.selenium.remote.HttpCommandExecutor.execute(HttpCommandExecutor.java:164)
	at org.openqa.selenium.remote.service.DriverCommandExecutor.execute(DriverCommandExecutor.java:82)
	at org.openqa.selenium.remote.RemoteWebDriver.execute(RemoteWebDriver.java:641)
	at org.openqa.selenium.remote.RemoteWebDriver.findElement(RemoteWebDriver.java:414)
	at org.openqa.selenium.remote.RemoteWebDriver.findElementByXPath(RemoteWebDriver.java:513)
	at org.openqa.selenium.By$ByXPath.findElement(By.java:361)
	at org.openqa.selenium.remote.RemoteWebDriver.findElement(RemoteWebDriver.java:406)
	at utils.com.MakemyTrip_Utils.verifing_Prices(MakemyTrip_Utils.java:109)
	at sun.reflect.NativeMethodAccessorImpl.invoke0(Native Method)
	at sun.reflect.NativeMethodAccessorImpl.invoke(NativeMethodAccessorImpl.java:62)
	at sun.reflect.DelegatingMethodAccessorImpl.invoke(DelegatingMethodAccessorImpl.java:43)
	at java.lang.reflect.Method.invoke(Method.java:498)
	at org.testng.internal.MethodInvocationHelper.invokeMethod(MethodInvocationHelper.java:80)
	at org.testng.internal.Invoker.invokeMethod(Invoker.java:714)
	at org.testng.internal.Invoker.invokeTestMethod(Invoker.java:901)
	at org.testng.internal.Invoker.invokeTestMethods(Invoker.java:1231)
	at org.testng.internal.TestMethodWorker.invokeTestMethods(TestMethodWorker.java:127)
	at org.testng.internal.TestMethodWorker.run(TestMethodWorker.java:111)
	at org.testng.TestRunner.privateRun(TestRunner.java:767)
	at org.testng.TestRunner.run(TestRunner.java:617)
	at org.testng.SuiteRunner.runTest(SuiteRunner.java:334)
	at org.testng.SuiteRunner.runSequentially(SuiteRunner.java:329)
	at org.testng.SuiteRunner.privateRun(SuiteRunner.java:291)
	at org.testng.SuiteRunner.run(SuiteRunner.java:240)
	at org.testng.SuiteRunnerWorker.runSuite(SuiteRunnerWorker.java:52)
	at org.testng.SuiteRunnerWorker.run(SuiteRunnerWorker.java:86)
	at org.testng.TestNG.runSuitesSequentially(TestNG.java:1198)
	at org.testng.TestNG.runSuitesLocally(TestNG.java:1123)
	at org.testng.TestNG.run(TestNG.java:1031)
	at com.intellij.rt.testng.IDEARemoteTestNG.run(IDEARemoteTestNG.java:66)
	at com.intellij.rt.testng.RemoteTestNGStarter.main(RemoteTestNGStarter.java:110)
]]>
            </full-stacktrace>
          </exception> <!-- org.openqa.selenium.NoSuchElementException -->
          <reporter-output>
          </reporter-output>
        </test-method> <!-- verifing_Prices -->
        <test-method status="PASS" signature="closeBrowser()[pri:0, instance:stepdefs.com.MakeMyTrip_Steps@7a79be86]" name="closeBrowser" is-config="true" duration-ms="4353" started-at="2020-05-30T18:04:58Z" finished-at="2020-05-30T18:05:02Z">
          <reporter-output>
          </reporter-output>
        </test-method> <!-- closeBrowser -->
        <test-method status="SKIP" signature="booking()[pri:0, instance:stepdefs.com.MakeMyTrip_Steps@7a79be86]" name="booking" duration-ms="0" started-at="2020-05-30T18:04:58Z" depends-on-methods="utils.com.MakemyTrip_Utils.verifing_Prices" finished-at="2020-05-30T18:04:58Z">
          <reporter-output>
          </reporter-output>
        </test-method> <!-- booking -->
      </class> <!-- stepdefs.com.MakeMyTrip_Steps -->
    </test> <!-- E:/MakeMyTrip -->
  </suite> <!-- All Test Suite -->
</testng-results>
